C:\Program Files\Microsoft Visual Studio\2022\Community\MSBuild\Microsoft\VC\v170\Microsoft.CppBuild.targets(531,5): warning MSB8028: The intermediate directory (x64\Debug\) contains files shared from another project (pong game.vcxproj).  This can lead to incorrect clean and rebuild behavior.
  Main.cpp
C:\Games\gameprj\pong game\pong game\Main.cpp(38,110): warning C4244: 'argument': conversion from 'float' to 'int', possible loss of data
C:\Games\gameprj\pong game\pong game\Main.cpp(38,96): warning C4244: 'argument': conversion from 'float' to 'int', possible loss of data
C:\Games\gameprj\pong game\pong game\Main.cpp(38,83): warning C4244: 'argument': conversion from 'double' to 'int', possible loss of data
C:\Games\gameprj\pong game\pong game\Main.cpp(38,47): warning C4244: 'argument': conversion from 'double' to 'int', possible loss of data
C:\Games\gameprj\pong game\pong game\Main.cpp(43,35): warning C4244: 'argument': conversion from 'float' to 'int', possible loss of data
C:\Games\gameprj\pong game\pong game\Main.cpp(43,23): warning C4244: 'argument': conversion from 'float' to 'int', possible loss of data
C:\Games\gameprj\pong game\pong game\Main.cpp(44,35): warning C4244: 'argument': conversion from 'float' to 'int', possible loss of data
C:\Games\gameprj\pong game\pong game\Main.cpp(44,23): warning C4244: 'argument': conversion from 'float' to 'int', possible loss of data
C:\Games\gameprj\pong game\pong game\Main.cpp(64,28): warning C4244: 'argument': conversion from 'float' to 'int', possible loss of data
C:\Games\gameprj\pong game\pong game\Main.cpp(64,20): warning C4244: 'argument': conversion from 'float' to 'int', possible loss of data
C:\Games\gameprj\pong game\pong game\Main.cpp(102,38): warning C4244: '=': conversion from 'int' to 'float', possible loss of data
C:\Games\gameprj\pong game\pong game\Main.cpp(108,38): warning C4244: '=': conversion from 'int' to 'float', possible loss of data
C:\Games\gameprj\pong game\pong game\Main.cpp(109,39): warning C4244: '=': conversion from 'int' to 'float', possible loss of data
C:\Games\gameprj\pong game\pong game\Main.cpp(171,41): warning C4244: '=': conversion from 'int' to 'float', possible loss of data
C:\Games\gameprj\pong game\pong game\Main.cpp(221,51): warning C4244: '=': conversion from 'int' to 'float', possible loss of data
C:\Games\gameprj\pong game\pong game\Main.cpp(222,52): warning C4244: '=': conversion from 'int' to 'float', possible loss of data
C:\Games\gameprj\pong game\pong game\Main.cpp(240,51): warning C4244: '=': conversion from 'int' to 'float', possible loss of data
C:\Games\gameprj\pong game\pong game\Main.cpp(241,52): warning C4244: '=': conversion from 'int' to 'float', possible loss of data
  pong game.vcxproj -> C:\Games\gameprj\pong game\x64\Debug\pong-game.exe
  'pwsh.exe' is not recognized as an internal or external command,
  operable program or batch file.
